"Start of log file."
"C:/Users/Martin/DOCUME~1/GitHub/DUGONG~1/PROJEC~1/Assets/3DModels/Objects/Arrow_1.max"
"Starting max loading and fbx conversion"
window = undefined
"Settings units"
"Before fbx export"
"After fbx export"
"Finished max loading and fbx conversion"
"C:/Users/Martin/DOCUME~1/GitHub/DUGONG~1/PROJEC~1/Assets/3DModels/Objects/Arrow_2.max"
"Starting max loading and fbx conversion"
window = undefined
"Settings units"
"Before fbx export"
"After fbx export"
"Finished max loading and fbx conversion"
"C:/Users/Martin/DOCUME~1/GitHub/DUGONG~1/PROJEC~1/Assets/3DModels/Objects/SMALL_~1.MAX"
"Starting max loading and fbx conversion"
window = undefined
"Settings units"
"Before fbx export"
"After fbx export"
"Finished max loading and fbx conversion"
